<?xml version="1.0" encoding="UTF-8"?>
<!-- Generated by org.testng.reporters.JUnitXMLReporter -->
<testsuite hostname="RU1202197827" name="Default test" tests="4" failures="0" timestamp="25 Jun 2015 09:27:14 GMT" time="24.831" errors="0">
  <testcase name="testContactWithEmptyDataCanBeCreated" time="6.952" classname="com.example.tests.CopyOfContactCreationTests"/>
  <testcase name="testValidGroupCanBeCreated" time="3.912" classname="com.example.tests.CopyOfContactCreationTests"/>
  <testcase name="testContactWithEmptyDataCanBeCreated" time="3.578" classname="com.example.tests.ContactCreationTests"/>
  <testcase name="testValidGroupCanBeCreated" time="3.974" classname="com.example.tests.ContactCreationTests"/>
</testsuite> <!-- Default test -->
