<?xml version="1.0" encoding="UTF-8"?>
<testng-results skipped="0" failed="0" total="6" passed="6">
  <reporter-output>
  </reporter-output>
  <suite name="Default suite" duration-ms="19486" started-at="2015-06-25T10:28:19Z" finished-at="2015-06-25T10:28:38Z">
    <groups>
    </groups>
    <test name="Default test" duration-ms="19486" started-at="2015-06-25T10:28:19Z" finished-at="2015-06-25T10:28:38Z">
      <class name="com.example.tests.GroupCreationTests">
        <test-method status="PASS" signature="testGroupWithEmptyDataCanBeCreated()[pri:0, instance:com.example.tests.GroupCreationTests@2ed37507]" name="testGroupWithEmptyDataCanBeCreated" duration-ms="2019" started-at="2015-06-25T13:28:23Z" finished-at="2015-06-25T13:28:25Z">
          <reporter-output>
          </reporter-output>
        </test-method> <!-- testGroupWithEmptyDataCanBeCreated -->
        <test-method status="PASS" signature="testValidGr()[pri:0, instance:com.example.tests.GroupCreationTests@2ed37507]" name="testValidGr" duration-ms="1676" started-at="2015-06-25T13:28:25Z" finished-at="2015-06-25T13:28:27Z">
          <reporter-output>
          </reporter-output>
        </test-method> <!-- testValidGr -->
      </class> <!-- com.example.tests.GroupCreationTests -->
      <class name="com.example.tests.TestBase">
        <test-method status="PASS" signature="setUp()[pri:0, instance:com.example.tests.TestBase@8caa572]" name="setUp" is-config="true" duration-ms="4645" started-at="2015-06-25T13:28:19Z" finished-at="2015-06-25T13:28:23Z">
          <reporter-output>
          </reporter-output>
        </test-method> <!-- setUp -->
        <test-method status="PASS" signature="tearDown()[pri:0, instance:com.example.tests.TestBase@8caa572]" name="tearDown" is-config="true" duration-ms="196" started-at="2015-06-25T13:28:38Z" finished-at="2015-06-25T13:28:38Z">
          <reporter-output>
          </reporter-output>
        </test-method> <!-- tearDown -->
      </class> <!-- com.example.tests.TestBase -->
      <class name="com.example.tests.CopyOfGroupCreationTests">
        <test-method status="PASS" signature="testGroupWithEmptyDataCanBeCreated()[pri:0, instance:com.example.tests.CopyOfGroupCreationTests@47978f4f]" name="testGroupWithEmptyDataCanBeCreated" duration-ms="1671" started-at="2015-06-25T13:28:27Z" finished-at="2015-06-25T13:28:29Z">
          <reporter-output>
          </reporter-output>
        </test-method> <!-- testGroupWithEmptyDataCanBeCreated -->
        <test-method status="PASS" signature="testValidGr()[pri:0, instance:com.example.tests.CopyOfGroupCreationTests@47978f4f]" name="testValidGr" duration-ms="1712" started-at="2015-06-25T13:28:29Z" finished-at="2015-06-25T13:28:30Z">
          <reporter-output>
          </reporter-output>
        </test-method> <!-- testValidGr -->
      </class> <!-- com.example.tests.CopyOfGroupCreationTests -->
      <class name="com.example.tests.ContactCreationTests">
        <test-method status="PASS" signature="testContactWithEmptyDataCanBeCreated()[pri:0, instance:com.example.tests.ContactCreationTests@3ca83695]" name="testContactWithEmptyDataCanBeCreated" duration-ms="3621" started-at="2015-06-25T13:28:30Z" finished-at="2015-06-25T13:28:34Z">
          <reporter-output>
          </reporter-output>
        </test-method> <!-- testContactWithEmptyDataCanBeCreated -->
        <test-method status="PASS" signature="testValidGroupCanBeCreated()[pri:0, instance:com.example.tests.ContactCreationTests@3ca83695]" name="testValidGroupCanBeCreated" duration-ms="3926" started-at="2015-06-25T13:28:34Z" finished-at="2015-06-25T13:28:38Z">
          <reporter-output>
          </reporter-output>
        </test-method> <!-- testValidGroupCanBeCreated -->
      </class> <!-- com.example.tests.ContactCreationTests -->
    </test> <!-- Default test -->
  </suite> <!-- Default suite -->
</testng-results>
