<?xml version="1.0" encoding="UTF-8"?>
<!-- Generated by org.testng.reporters.JUnitXMLReporter -->
<testsuite hostname="RU1202197827" name="Default test" tests="6" failures="0" timestamp="25 Jun 2015 10:28:38 GMT" time="19.486" errors="0">
  <testcase name="testGroupWithEmptyDataCanBeCreated" time="2.019" classname="com.example.tests.GroupCreationTests"/>
  <testcase name="testValidGr" time="1.676" classname="com.example.tests.GroupCreationTests"/>
  <testcase name="testGroupWithEmptyDataCanBeCreated" time="1.671" classname="com.example.tests.CopyOfGroupCreationTests"/>
  <testcase name="testValidGr" time="1.712" classname="com.example.tests.CopyOfGroupCreationTests"/>
  <testcase name="testContactWithEmptyDataCanBeCreated" time="3.621" classname="com.example.tests.ContactCreationTests"/>
  <testcase name="testValidGroupCanBeCreated" time="3.926" classname="com.example.tests.ContactCreationTests"/>
</testsuite> <!-- Default test -->
